{
"contracts/NftMarketPlace.sol":{"l":{"58":20,"59":20,"60":1,"62":19,"70":25,"71":25,"72":25,"73":3,"75":22,"79":12,"80":2,"82":10,"105":18,"106":1,"109":17,"110":17,"111":1,"114":16,"115":16,"122":7,"123":7,"124":1,"130":6,"133":6,"134":6,"140":6,"148":2,"149":2,"160":2,"161":2,"165":3,"166":3,"167":1,"169":2,"171":2,"172":2,"173":0,"185":4,"189":3},"path":"/home/nilesh/projects/project-4-->NM/Marketplace-BackEnd/contracts/NftMarketPlace.sol","s":{"1":20,"2":20,"3":25,"4":25,"5":25,"6":12,"7":18,"8":17,"9":17,"10":16,"11":7,"12":7,"13":6,"14":6,"15":2,"16":2,"17":3,"18":3,"19":2,"20":2,"21":4,"22":3},"b":{"1":[1,19],"2":[3,22],"3":[2,10],"4":[19,1],"5":[18,1],"6":[1,17],"7":[1,16],"8":[8,0],"9":[7,1],"10":[1,6],"11":[2,1],"12":[3,1],"13":[2,1],"14":[1,2],"15":[0,2]},"f":{"1":20,"2":25,"3":12,"4":18,"5":7,"6":2,"7":2,"8":3,"9":4,"10":3},"fnMap":{"1":{"name":"notListed","line":57,"loc":{"start":{"line":57,"column":4},"end":{"line":63,"column":4}}},"2":{"name":"isOwner","line":65,"loc":{"start":{"line":65,"column":4},"end":{"line":76,"column":4}}},"3":{"name":"isListed","line":78,"loc":{"start":{"line":78,"column":4},"end":{"line":83,"column":4}}},"4":{"name":"listItem","line":103,"loc":{"start":{"line":96,"column":4},"end":{"line":116,"column":4}}},"5":{"name":"buyItem","line":121,"loc":{"start":{"line":118,"column":4},"end":{"line":141,"column":4}}},"6":{"name":"updateNft","line":147,"loc":{"start":{"line":143,"column":4},"end":{"line":150,"column":4}}},"7":{"name":"cancelNft","line":158,"loc":{"start":{"line":152,"column":4},"end":{"line":162,"column":4}}},"8":{"name":"withdrawProceeds","line":164,"loc":{"start":{"line":164,"column":4},"end":{"line":175,"column":4}}},"9":{"name":"getListings","line":181,"loc":{"start":{"line":181,"column":4},"end":{"line":186,"column":4}}},"10":{"name":"getProceeds","line":188,"loc":{"start":{"line":188,"column":4},"end":{"line":190,"column":4}}}},"statementMap":{"1":{"start":{"line":58,"column":8},"end":{"line":58,"column":61}},"2":{"start":{"line":59,"column":8},"end":{"line":59,"column":1615}},"3":{"start":{"line":70,"column":8},"end":{"line":70,"column":41}},"4":{"start":{"line":71,"column":8},"end":{"line":71,"column":44}},"5":{"start":{"line":72,"column":8},"end":{"line":72,"column":1937}},"6":{"start":{"line":79,"column":8},"end":{"line":79,"column":2104}},"7":{"start":{"line":105,"column":8},"end":{"line":105,"column":2979}},"8":{"start":{"line":109,"column":8},"end":{"line":109,"column":41}},"9":{"start":{"line":110,"column":8},"end":{"line":110,"column":3112}},"10":{"start":{"line":115,"column":8},"end":{"line":115,"column":63}},"11":{"start":{"line":122,"column":8},"end":{"line":122,"column":68}},"12":{"start":{"line":123,"column":8},"end":{"line":123,"column":3598}},"13":{"start":{"line":134,"column":8},"end":{"line":134,"column":3968}},"14":{"start":{"line":140,"column":8},"end":{"line":140,"column":75}},"15":{"start":{"line":149,"column":8},"end":{"line":149,"column":66}},"16":{"start":{"line":161,"column":8},"end":{"line":161,"column":46}},"17":{"start":{"line":165,"column":8},"end":{"line":165,"column":49}},"18":{"start":{"line":166,"column":8},"end":{"line":166,"column":4870}},"19":{"start":{"line":171,"column":8},"end":{"line":171,"column":72}},"20":{"start":{"line":172,"column":8},"end":{"line":172,"column":5069}},"21":{"start":{"line":185,"column":8},"end":{"line":185,"column":46}},"22":{"start":{"line":189,"column":8},"end":{"line":189,"column":33}}},"branchMap":{"1":{"line":59,"type":"if","locations":[{"start":{"line":59,"column":8},"end":{"line":59,"column":8}},{"start":{"line":59,"column":8},"end":{"line":59,"column":8}}]},"2":{"line":72,"type":"if","locations":[{"start":{"line":72,"column":8},"end":{"line":72,"column":8}},{"start":{"line":72,"column":8},"end":{"line":72,"column":8}}]},"3":{"line":79,"type":"if","locations":[{"start":{"line":79,"column":8},"end":{"line":79,"column":8}},{"start":{"line":79,"column":8},"end":{"line":79,"column":8}}]},"4":{"line":102,"type":"if","locations":[{"start":{"line":102,"column":8},"end":{"line":102,"column":8}},{"start":{"line":102,"column":8},"end":{"line":102,"column":8}}]},"5":{"line":103,"type":"if","locations":[{"start":{"line":103,"column":8},"end":{"line":103,"column":8}},{"start":{"line":103,"column":8},"end":{"line":103,"column":8}}]},"6":{"line":105,"type":"if","locations":[{"start":{"line":105,"column":8},"end":{"line":105,"column":8}},{"start":{"line":105,"column":8},"end":{"line":105,"column":8}}]},"7":{"line":110,"type":"if","locations":[{"start":{"line":110,"column":8},"end":{"line":110,"column":8}},{"start":{"line":110,"column":8},"end":{"line":110,"column":8}}]},"8":{"line":121,"type":"if","locations":[{"start":{"line":121,"column":23},"end":{"line":121,"column":23}},{"start":{"line":121,"column":23},"end":{"line":121,"column":23}}]},"9":{"line":121,"type":"if","locations":[{"start":{"line":121,"column":36},"end":{"line":121,"column":36}},{"start":{"line":121,"column":36},"end":{"line":121,"column":36}}]},"10":{"line":123,"type":"if","locations":[{"start":{"line":123,"column":8},"end":{"line":123,"column":8}},{"start":{"line":123,"column":8},"end":{"line":123,"column":8}}]},"11":{"line":147,"type":"if","locations":[{"start":{"line":147,"column":15},"end":{"line":147,"column":15}},{"start":{"line":147,"column":15},"end":{"line":147,"column":15}}]},"12":{"line":157,"type":"if","locations":[{"start":{"line":157,"column":8},"end":{"line":157,"column":8}},{"start":{"line":157,"column":8},"end":{"line":157,"column":8}}]},"13":{"line":158,"type":"if","locations":[{"start":{"line":158,"column":8},"end":{"line":158,"column":8}},{"start":{"line":158,"column":8},"end":{"line":158,"column":8}}]},"14":{"line":166,"type":"if","locations":[{"start":{"line":166,"column":8},"end":{"line":166,"column":8}},{"start":{"line":166,"column":8},"end":{"line":166,"column":8}}]},"15":{"line":172,"type":"if","locations":[{"start":{"line":172,"column":8},"end":{"line":172,"column":8}},{"start":{"line":172,"column":8},"end":{"line":172,"column":8}}]}}},
"contracts/test/BasicNft.sol":{"l":{"17":6,"21":24,"22":24,"23":24,"29":0,"30":0,"36":2,"40":0},"path":"/home/nilesh/projects/project-4-->NM/Marketplace-BackEnd/contracts/test/BasicNft.sol","s":{"1":24,"2":24,"3":0,"4":0,"5":2,"6":0},"b":{"1":[0,0]},"f":{"1":6,"2":24,"3":0,"4":2,"5":0},"fnMap":{"1":{"name":"constructor","line":16,"loc":{"start":{"line":16,"column":4},"end":{"line":18,"column":4}}},"2":{"name":"mintNft","line":20,"loc":{"start":{"line":20,"column":4},"end":{"line":24,"column":4}}},"3":{"name":"tokenURI","line":26,"loc":{"start":{"line":26,"column":4},"end":{"line":31,"column":4}}},"4":{"name":"getTokenCounter","line":35,"loc":{"start":{"line":35,"column":4},"end":{"line":37,"column":4}}},"5":{"name":"getTokenURI","line":39,"loc":{"start":{"line":39,"column":4},"end":{"line":41,"column":4}}}},"statementMap":{"1":{"start":{"line":21,"column":8},"end":{"line":21,"column":39}},"2":{"start":{"line":23,"column":8},"end":{"line":23,"column":45}},"3":{"start":{"line":29,"column":8},"end":{"line":29,"column":42}},"4":{"start":{"line":30,"column":8},"end":{"line":30,"column":24}},"5":{"start":{"line":36,"column":8},"end":{"line":36,"column":24}},"6":{"start":{"line":40,"column":8},"end":{"line":40,"column":24}}},"branchMap":{"1":{"line":29,"type":"if","locations":[{"start":{"line":29,"column":8},"end":{"line":29,"column":8}},{"start":{"line":29,"column":8},"end":{"line":29,"column":8}}]}}}}
