TN:
SF:/home/nilesh/projects/project-4-->NM/Marketplace-BackEnd/contracts/NftMarketPlace.sol
FN:57,notListed
FN:65,isOwner
FN:78,isListed
FN:103,listItem
FN:121,buyItem
FN:147,updateNft
FN:158,cancelNft
FN:164,withdrawProceeds
FN:181,getListings
FN:188,getProceeds
FNF:10
FNH:10
FNDA:20,notListed
FNDA:25,isOwner
FNDA:12,isListed
FNDA:18,listItem
FNDA:7,buyItem
FNDA:2,updateNft
FNDA:2,cancelNft
FNDA:3,withdrawProceeds
FNDA:4,getListings
FNDA:3,getProceeds
DA:58,20
DA:59,20
DA:60,1
DA:62,19
DA:70,25
DA:71,25
DA:72,25
DA:73,3
DA:75,22
DA:79,12
DA:80,2
DA:82,10
DA:105,18
DA:106,1
DA:109,17
DA:110,17
DA:111,1
DA:114,16
DA:115,16
DA:122,7
DA:123,7
DA:124,1
DA:130,6
DA:133,6
DA:134,6
DA:140,6
DA:148,2
DA:149,2
DA:160,2
DA:161,2
DA:165,3
DA:166,3
DA:167,1
DA:169,2
DA:171,2
DA:172,2
DA:173,0
DA:185,4
DA:189,3
LF:39
LH:38
BRDA:59,1,0,1
BRDA:59,1,1,19
BRDA:72,2,0,3
BRDA:72,2,1,22
BRDA:79,3,0,2
BRDA:79,3,1,10
BRDA:102,4,0,19
BRDA:102,4,1,1
BRDA:103,5,0,18
BRDA:103,5,1,1
BRDA:105,6,0,1
BRDA:105,6,1,17
BRDA:110,7,0,1
BRDA:110,7,1,16
BRDA:121,8,0,8
BRDA:121,8,1,0
BRDA:121,9,0,7
BRDA:121,9,1,1
BRDA:123,10,0,1
BRDA:123,10,1,6
BRDA:147,11,0,2
BRDA:147,11,1,1
BRDA:157,12,0,3
BRDA:157,12,1,1
BRDA:158,13,0,2
BRDA:158,13,1,1
BRDA:166,14,0,1
BRDA:166,14,1,2
BRDA:172,15,0,0
BRDA:172,15,1,2
BRF:30
BRH:28
end_of_record
TN:
SF:/home/nilesh/projects/project-4-->NM/Marketplace-BackEnd/contracts/test/BasicNft.sol
FN:16,constructor
FN:20,mintNft
FN:26,tokenURI
FN:35,getTokenCounter
FN:39,getTokenURI
FNF:5
FNH:3
FNDA:6,constructor
FNDA:24,mintNft
FNDA:0,tokenURI
FNDA:2,getTokenCounter
FNDA:0,getTokenURI
DA:17,6
DA:21,24
DA:22,24
DA:23,24
DA:29,0
DA:30,0
DA:36,2
DA:40,0
LF:8
LH:5
BRDA:29,1,0,0
BRDA:29,1,1,0
BRF:2
BRH:0
end_of_record
